[14:58:14] [ServerMain/INFO]: Environment: Environment[sessionHost=https://sessionserver.mojang.com, servicesHost=https://api.minecraftservices.com, name=PROD]
[14:58:17] [ServerMain/INFO]: No existing world data, creating new world
[14:58:19] [ServerMain/INFO]: Loaded 1373 recipes
[14:58:19] [ServerMain/INFO]: Loaded 1484 advancements
[14:58:21] [Server thread/INFO]: Starting minecraft server version 1.21.5
[14:58:21] [Server thread/INFO]: Loading properties
[14:58:21] [Server thread/INFO]: Default game type: SURVIVAL
[14:58:21] [Server thread/INFO]: Generating keypair
[14:58:21] [Server thread/INFO]: Starting Minecraft server on *:25565
[14:58:22] [Server thread/INFO]: Using epoll channel type
[14:58:22] [Server thread/INFO]: Preparing level "world"
[14:58:38] [Server thread/INFO]: Preparing start region for dimension minecraft:overworld
[14:58:38] [Worker-Main-3/INFO]: Preparing spawn area: 2%
[14:58:38] [Worker-Main-3/INFO]: Preparing spawn area: 2%
[14:58:39] [Worker-Main-1/INFO]: Preparing spawn area: 2%
[14:58:39] [Worker-Main-2/INFO]: Preparing spawn area: 2%
[14:58:40] [Worker-Main-3/INFO]: Preparing spawn area: 2%
[14:58:41] [Worker-Main-3/INFO]: Preparing spawn area: 2%
[14:58:41] [Worker-Main-3/INFO]: Preparing spawn area: 2%
[14:58:41] [Worker-Main-3/INFO]: Preparing spawn area: 2%
[14:58:42] [Worker-Main-3/INFO]: Preparing spawn area: 2%
[14:58:42] [Worker-Main-3/INFO]: Preparing spawn area: 2%
[14:58:43] [Worker-Main-3/INFO]: Preparing spawn area: 2%
[14:58:43] [Worker-Main-1/INFO]: Preparing spawn area: 18%
[14:58:44] [Worker-Main-1/INFO]: Preparing spawn area: 18%
[14:58:44] [Worker-Main-1/INFO]: Preparing spawn area: 18%
[14:58:45] [Worker-Main-1/INFO]: Preparing spawn area: 18%
[14:58:45] [Worker-Main-1/INFO]: Preparing spawn area: 18%
[14:58:46] [Worker-Main-1/INFO]: Preparing spawn area: 44%
[14:58:46] [Worker-Main-2/INFO]: Preparing spawn area: 51%
[14:58:47] [Worker-Main-1/INFO]: Preparing spawn area: 51%
[14:58:47] [Worker-Main-2/INFO]: Preparing spawn area: 51%
[14:58:48] [Worker-Main-2/INFO]: Preparing spawn area: 51%
[14:58:48] [Worker-Main-1/INFO]: Preparing spawn area: 51%
[14:58:49] [Worker-Main-3/INFO]: Preparing spawn area: 51%
[14:58:49] [Worker-Main-3/INFO]: Preparing spawn area: 51%
[14:58:50] [Server thread/INFO]: Time elapsed: 12154 ms
[14:58:50] [Server thread/INFO]: Done (27.957s)! For help, type "help"
[14:59:12] [Server thread/INFO]: /advancement (grant|revoke)
[14:59:12] [Server thread/INFO]: /attribute <target> <attribute> (get|base|modifier)
[14:59:12] [Server thread/INFO]: /execute (run|if|unless|as|at|store|positioned|rotated|facing|align|anchored|in|summon|on)
[14:59:12] [Server thread/INFO]: /bossbar (add|remove|list|set|get)
[14:59:12] [Server thread/INFO]: /clear [<targets>]
[14:59:12] [Server thread/INFO]: /clone (<begin>|from)
[14:59:12] [Server thread/INFO]: /damage <target> <amount> [<damageType>]
[14:59:12] [Server thread/INFO]: /data (merge|get|remove|modify)
[14:59:12] [Server thread/INFO]: /datapack (enable|disable|list)
[14:59:12] [Server thread/INFO]: /debug (start|stop|function)
[14:59:12] [Server thread/INFO]: /defaultgamemode <gamemode>
[14:59:12] [Server thread/INFO]: /difficulty [peaceful|easy|normal|hard]
[14:59:12] [Server thread/INFO]: /effect (clear|give)
[14:59:12] [Server thread/INFO]: /me <action>
[14:59:12] [Server thread/INFO]: /enchant <targets> <enchantment> [<level>]
[14:59:12] [Server thread/INFO]: /experience (add|set|query)
[14:59:12] [Server thread/INFO]: /xp -> experience
[14:59:12] [Server thread/INFO]: /fill <from> <to> <block> [outline|hollow|destroy|strict|replace|keep]
[14:59:12] [Server thread/INFO]: /fillbiome <from> <to> <biome> [replace]
[14:59:12] [Server thread/INFO]: /forceload (add|remove|query)
[14:59:12] [Server thread/INFO]: /function <name> [<arguments>|with]
[14:59:12] [Server thread/INFO]: /gamemode <gamemode> [<target>]
[14:59:12] [Server thread/INFO]: /gamerule (allowFireTicksAwayFromPlayer|announceAdvancements|blockExplosionDropDecay|commandBlockOutput|commandModificationBlockLimit|disableElytraMovementCheck|disablePlayerMovementCheck|disableRaids|doDaylightCycle|doEntityDrops|doFireTick|doImmediateRespawn|doInsomnia|doLimitedCrafting|doMobLoot|doMobSpawning|doPatrolSpawning|doTileDrops|doTraderSpawning|doVinesSpread|doWardenSpawning|doWeatherCycle|drowningDamage|enderPearlsVanishOnDeath|fallDamage|fireDamage|forgiveDeadPlayers|freezeDamage|globalSoundEvents|keepInventory|lavaSourceConversion|logAdminCommands|maxCommandChainLength|maxCommandForkCount|maxEntityCramming|mobExplosionDropDecay|mobGriefing|naturalRegeneration|playersNetherPortalCreativeDelay|playersNetherPortalDefaultDelay|playersSleepingPercentage|projectilesCanBreakBlocks|randomTickSpeed|reducedDebugInfo|sendCommandFeedback|showDeathMessages|snowAccumulationHeight|spawnChunkRadius|spawnRadius|spectatorsGenerateChunks|tntExplodes|tntExplosionDropDecay|universalAnger|waterSourceConversion)
[14:59:12] [Server thread/INFO]: /give <targets> <item> [<count>]
[14:59:12] [Server thread/INFO]: /help [<command>]
[14:59:12] [Server thread/INFO]: /item (replace|modify)
[14:59:12] [Server thread/INFO]: /kick <targets> [<reason>]
[14:59:12] [Server thread/INFO]: /kill [<targets>]
[14:59:12] [Server thread/INFO]: /list [uuids]
[14:59:12] [Server thread/INFO]: /locate (structure|biome|poi)
[14:59:12] [Server thread/INFO]: /loot (replace|insert|give|spawn)
[14:59:12] [Server thread/INFO]: /msg <targets> <message>
[14:59:12] [Server thread/INFO]: /tell -> msg
[14:59:12] [Server thread/INFO]: /w -> msg
[14:59:12] [Server thread/INFO]: /particle <name> [<pos>]
[14:59:12] [Server thread/INFO]: /place (feature|jigsaw|structure|template)
[14:59:12] [Server thread/INFO]: /playsound <sound> [master|music|record|weather|block|hostile|neutral|player|ambient|voice]
[14:59:12] [Server thread/INFO]: /random (value|roll|reset)
[14:59:12] [Server thread/INFO]: /reload
[14:59:12] [Server thread/INFO]: /recipe (give|take)
[14:59:12] [Server thread/INFO]: /return (<value>|fail|run)
[14:59:12] [Server thread/INFO]: /ride <target> (mount|dismount)
[14:59:12] [Server thread/INFO]: /rotate <target> (<rotation>|facing)
[14:59:12] [Server thread/INFO]: /say <message>
[14:59:12] [Server thread/INFO]: /schedule (function|clear)
[14:59:12] [Server thread/INFO]: /scoreboard (objectives|players)
[14:59:12] [Server thread/INFO]: /seed
[14:59:12] [Server thread/INFO]: /setblock <pos> <block> [destroy|keep|replace|strict]
[14:59:12] [Server thread/INFO]: /spawnpoint [<targets>]
[14:59:12] [Server thread/INFO]: /setworldspawn [<pos>]
[14:59:12] [Server thread/INFO]: /spectate [<target>]
[14:59:12] [Server thread/INFO]: /spreadplayers <center> <spreadDistance> <maxRange> (<respectTeams>|under)
[14:59:12] [Server thread/INFO]: /stopsound <targets> [*|master|music|record|weather|block|hostile|neutral|player|ambient|voice]
[14:59:12] [Server thread/INFO]: /summon <entity> [<pos>]
[14:59:12] [Server thread/INFO]: /tag <targets> (add|remove|list)
[14:59:12] [Server thread/INFO]: /team (list|add|remove|empty|join|leave|modify)
[14:59:12] [Server thread/INFO]: /teammsg <message>
[14:59:12] [Server thread/INFO]: /tm -> teammsg
[14:59:12] [Server thread/INFO]: /teleport (<location>|<destination>|<targets>)
[14:59:12] [Server thread/INFO]: /tp -> teleport
[14:59:12] [Server thread/INFO]: /tellraw <targets> <message>
[14:59:12] [Server thread/INFO]: /test (run|runmultiple|runthese|runclosest|runthat|runfailed|verify|locate|resetclosest|resetthese|resetthat|clearthat|clearthese|clearall|stop|pos|create)
[14:59:12] [Server thread/INFO]: /tick (query|rate|step|sprint|unfreeze|freeze)
[14:59:12] [Server thread/INFO]: /time (set|add|query)
[14:59:12] [Server thread/INFO]: /title <targets> (clear|reset|title|subtitle|actionbar|times)
[14:59:12] [Server thread/INFO]: /trigger <objective> [add|set]
[14:59:12] [Server thread/INFO]: /weather (clear|rain|thunder)
[14:59:12] [Server thread/INFO]: /worldborder (add|set|center|damage|get|warning)
[14:59:12] [Server thread/INFO]: /jfr (start|stop)
[14:59:12] [Server thread/INFO]: /ban-ip <target> [<reason>]
[14:59:12] [Server thread/INFO]: /banlist [ips|players]
[14:59:12] [Server thread/INFO]: /ban <targets> [<reason>]
[14:59:12] [Server thread/INFO]: /deop <targets>
[14:59:12] [Server thread/INFO]: /op <targets>
[14:59:12] [Server thread/INFO]: /pardon <targets>
[14:59:12] [Server thread/INFO]: /pardon-ip <target>
[14:59:12] [Server thread/INFO]: /perf (start|stop)
[14:59:12] [Server thread/INFO]: /save-all [flush]
[14:59:12] [Server thread/INFO]: /save-off
[14:59:12] [Server thread/INFO]: /save-on
[14:59:12] [Server thread/INFO]: /setidletimeout <minutes>
[14:59:12] [Server thread/INFO]: /stop
[14:59:12] [Server thread/INFO]: /transfer <hostname> [<port>]
[14:59:12] [Server thread/INFO]: /whitelist (on|off|list|add|remove|reload)
[14:59:50] [Server thread/INFO]: Server empty for 60 seconds, pausing
[15:00:10] [Server thread/INFO]: Stopping the server
[15:00:10] [Server thread/INFO]: Stopping server
[15:00:10] [Server thread/INFO]: Saving players
[15:00:10] [Server thread/INFO]: Saving worlds
[15:00:11] [Server thread/INFO]: Saving chunks for level 'ServerLevel[world]'/minecraft:overworld
[15:00:13] [Server thread/INFO]: Saving chunks for level 'ServerLevel[world]'/minecraft:the_end
[15:00:13] [Server thread/INFO]: Saving chunks for level 'ServerLevel[world]'/minecraft:the_nether
[15:00:13] [Server thread/INFO]: ThreadedAnvilChunkStorage (world): All chunks are saved
[15:00:13] [Server thread/INFO]: ThreadedAnvilChunkStorage (DIM1): All chunks are saved
[15:00:13] [Server thread/INFO]: ThreadedAnvilChunkStorage (DIM-1): All chunks are saved
[15:00:13] [Server thread/INFO]: ThreadedAnvilChunkStorage: All dimensions are saved
